2026-06-17 14:48:56 GET /hello -> 200
2026-06-17 14:49:34 GET /about -> 200
2026-06-17 14:49:48 GET /files/test.txt -> 200
2026-06-17 15:01:10 GET /hello -> 200
2026-06-17 15:01:25 GET /about -> 200
2026-06-17 15:35:23 GET /api/status -> 200
2026-06-17 15:36:15 GET /api/status -> 200
2026-06-17 15:37:36 GET /api/status -> 200
2026-06-17 15:37:40 GET /api/status -> 200
2026-06-17 16:44:23 GET /api/status -> 200
2026-06-17 16:44:48 GET /api/status -> 200
2026-06-17 16:45:34 GET /api/status -> 200
2026-06-17 16:45:42 GET /api/status -> 200
2026-06-17 16:45:56 GET /api/status -> 200
2026-06-17 16:51:01 GET / -> 200
2026-06-17 16:51:49 GET /api/status -> 200
2026-06-17 17:05:56 GET /files/test.html -> 200
2026-06-17 17:06:29 GET /files/test.json -> 404
2026-06-17 20:10:41 GET /hello -> 200
2026-06-17 20:11:02 GET /files/test.txt -> 200
2026-06-17 20:11:20 GET /api/status -> 200
2026-06-17 20:11:38 POST /files/test.txt -> 201
2026-06-17 20:12:00 GET /files/test.txt -> 200
2026-06-17 20:35:29 POST /files/test.txt -> 201
2026-06-17 20:35:51 GET /files/test.txt -> 200
2026-06-17 20:36:21 GET /api/status -> 200
2026-06-17 20:36:39 GET /echo/Chris -> 200
2026-06-17 20:37:18 GET /user-agent -> 200
2026-06-17 20:40:45 GET /about -> 200
2026-06-18 17:41:37 GET /hello -> 200 (0.15 ms)
2026-06-18 17:41:56 GET /files/test.txt -> 200 (113.54 ms)
2026-06-18 17:42:13 GET /api/status -> 200 (0.21 ms)
